2020-02-14 00:08:49.8450 User started the program.
2020-02-14 00:08:49.9383 Directory "Contacts" has been created.
2020-02-14 00:08:54.6337 User added new contact Ivan.
2020-02-14 00:09:10.1585 User added new way to contact viber in contact Ivan.
2020-02-14 00:09:13.0762 User showed all ways to contact in contact Ivan.
2020-02-14 00:09:24.1344 User added new way to contact telegram in contact Ivan.
2020-02-14 00:09:27.0098 User showed all ways to contact in contact Ivan.
2020-02-14 00:09:31.8903 User deleted way to contact telegram in contact Ivan.
2020-02-14 00:09:34.4895 User showed all ways to contact in contact Ivan.
2020-02-14 00:09:46.7159 User renamed way to contact viber to way to contact telephone in contact Ivan.
2020-02-14 00:09:48.9296 User showed all ways to contact in contact Ivan.
2020-02-14 00:09:54.4789 User showed all contacts.
2020-02-14 00:09:59.9140 User added new contact Peter.
2020-02-14 00:10:12.6473 User deleted contact Peter.
2020-02-14 00:10:24.5855 User found contact by part of name va.
2020-02-14 00:10:24.5855 User found contact by part of name va.
2020-02-14 00:10:41.8110 User renamed contact Ivan to contact Peter.
2020-02-14 00:10:43.9378 User showed all contacts.
2020-02-14 00:10:51.0680 User deleted all contacts.
2020-02-14 00:10:57.8087 User showed all contacts.
2020-02-14 00:11:11.2981 User added new contact Ivan.
2020-02-14 00:11:12.0709 User finished the program.
2020-02-14 00:12:04.6568 User started the program.
2020-02-14 00:12:15.3332 User deleted all contacts.
2020-02-14 00:12:23.1954 User added new contact Ivan.
2020-02-14 00:12:32.3380 User deleted contact Ivan.
2020-02-14 00:12:34.6301 User added new contact Ivan.
2020-02-14 00:12:48.5439 User added new way to contact viber in contact Ivan.
2020-02-14 00:13:01.6655 User deleted contact Ivan.
2020-02-14 00:13:06.4125 User showed all contacts.
2020-02-14 00:17:03.1180 User started the program.
2020-02-14 00:17:05.8542 User added new contact Ivan.
2020-02-14 00:17:18.8675 User added new way to contact viber in contact Ivan.
2020-02-14 00:17:32.9497 User deleted contact Ivan.
2020-02-14 00:17:43.9127 User added new contact Ivan.
2020-02-14 00:17:44.7814 User finished the program.
2020-02-14 00:20:27.2310 User started the program.
2020-02-14 00:20:28.7253 User showed all contacts.
2020-02-14 00:20:45.0886 User added new way to contact viber in contact Ivan.
2020-02-14 00:20:55.8703 User added new way to contact telegram in contact Ivan.
2020-02-14 00:21:01.4850 User added new way to contact viber in contact Ivan.
2020-02-14 00:21:03.7854 User showed all ways to contact in contact Ivan.
2020-02-14 00:21:25.1679 User deleted contact ivan.
2020-02-14 00:21:25.1784 User finished the program.
2020-02-14 00:21:40.2437 User started the program.
2020-02-14 00:21:49.9650 User started the program.
2020-02-14 00:21:51.9692 User added new contact Ivan.
2020-02-14 00:22:00.6850 User added new way to contact viber in contact Ivan.
2020-02-14 00:22:02.0175 User showed all ways to contact in contact Ivan.
2020-02-14 00:22:15.6863 User deleted contact Ivan.
2020-02-14 00:22:19.4474 User added new contact Ivan.
2020-02-14 00:22:24.3228 User finished the program.
2020-02-14 00:23:32.3136 User started the program.
2020-02-14 00:23:35.3864 User showed all contacts.
2020-02-14 00:23:44.5521 User added new way to contact viber in contact Ivan.
2020-02-14 00:23:54.8358 User deleted contact Ivan.
2020-02-14 00:23:58.4796 User added new contact Ivan.
2020-02-14 00:25:03.0946 User started the program.
2020-02-14 00:25:04.5604 User showed all contacts.
2020-02-14 00:25:14.5693 User added new way to contact viber in contact Ivan.
2020-02-14 00:25:21.5692 User showed all contacts.
2020-02-14 00:25:29.2923 User deleted contact Ivan.
2020-02-14 00:25:41.8527 User added new contact Ivan.
2020-02-14 00:28:28.8751 User started the program.
2020-02-14 00:28:33.4831 User showed all contacts.
2020-02-14 00:28:37.6420 User added new contact Peter.
2020-02-14 00:28:52.0993 User added new way to contact viber in contact Ivan.
2020-02-14 00:29:05.0338 User deleted all contacts.
2020-02-14 00:29:23.1148 User added new contact Ivan.
2020-02-14 00:30:53.3429 User started the program.
2020-02-14 00:31:53.0758 User started the program.
2020-02-14 00:31:55.0199 User showed all contacts.
2020-02-14 00:32:02.7116 User added new way to contact viber in contact Ivan.
2020-02-14 00:32:13.2736 User deleted contact Ivan.
2020-02-14 00:34:24.8618 User started the program.
2020-02-14 00:34:27.3606 User added new contact Ivan.
2020-02-14 00:34:35.5340 User added new way to contact viber in contact Ivan.
2020-02-14 00:34:48.7694 User deleted contact Ivan.
2020-02-14 00:34:55.0119 User added new contact Ivan.
2020-02-14 00:34:58.6468 User finished the program.
2020-02-14 00:35:50.8470 User started the program.
2020-02-14 00:35:57.3473 User added new way to contact viber in contact Ivan.
2020-02-14 00:36:07.9118 User deleted contact Ivan.
2020-02-14 00:36:34.2113 User started the program.
2020-02-14 00:36:39.8138 User added new contact Ivan.
2020-02-14 00:36:48.2527 User added new way to contact viber in contact Ivan.
2020-02-14 00:36:58.0373 User deleted contact Ivan.
2020-02-14 00:37:00.6772 User added new contact Ivan.
2020-02-14 00:37:04.0144 User added new contact Peter.
2020-02-14 00:37:18.4802 User added new way to contact viber in contact Ivan.
2020-02-14 00:37:20.1862 User showed all ways to contact in contact Ivan.
2020-02-14 00:37:33.9329 User deleted contact Ivan.
2020-02-14 00:39:57.9868 User started the program.
2020-02-14 00:40:03.4646 User added new contact Ivan.
2020-02-14 00:40:06.9475 User showed all contacts.
2020-02-14 00:40:15.5772 User added new way to contact viber in contact Ivan.
2020-02-14 00:40:30.8322 User deleted contact Ivan.
2020-02-14 00:40:56.6980 User started the program.
2020-02-14 00:41:01.9823 User added new contact Ivan.
2020-02-14 00:41:03.2316 User showed all contacts.
2020-02-14 00:41:10.3168 User added new way to contact viber in contact ivan.
2020-02-14 00:41:15.7623 User showed all ways to contact in contact ivan.
2020-02-14 00:41:37.2185 User deleted contact Ivan.
2020-02-14 00:41:39.9982 User showed all contacts.
2020-02-14 00:41:48.8033 User added new contact Ivan.
2020-02-14 00:41:58.1192 User added new way to contact viber in contact Peter.
2020-02-14 00:42:07.1012 User deleted all contacts.
2020-02-14 00:42:49.2310 User started the program.
2020-02-14 00:42:53.1614 User added new contact Ivan.
2020-02-14 00:43:00.3847 User deleted all contacts.
2020-02-14 00:43:04.4582 User added new contact Peter.
2020-02-14 00:43:08.4826 User added new contact Ivan.
2020-02-14 00:43:17.3613 User deleted contact Ivan.
2020-02-14 00:43:18.7349 User showed all contacts.
2020-02-14 00:43:26.8615 User deleted contact Peter.
2020-02-14 00:43:32.0973 User added new contact Ivan.
2020-02-14 00:43:36.7066 User finished the program.
2020-02-14 00:44:50.5762 User started the program.
2020-02-14 00:44:56.1059 User finished the program.
2020-02-14 00:45:28.3451 User started the program.
2020-02-14 00:45:30.7146 User showed all contacts.
2020-02-14 00:45:39.5506 User added new way to contact viber in contact Ivan.
2020-02-14 00:45:48.4569 User showed all ways to contact in contact Ivan.
2020-02-14 00:45:56.6835 User finished the program.
